android/app/build/intermediates/manifest_merge_blame_file/release/manifest-merger-blame-release-report.txt
1<?xml version="1.0" encoding="utf-8"?>
2<manifest xmlns:android="http://schemas.android.com/apk/res/android"
3    package="com.easyway"
4    android:versionCode="1"
5    android:versionName="1.0" >
6
7    <uses-sdk
8        android:minSdkVersion="21"
8-->src/main/AndroidManifest.xml
9        android:targetSdkVersion="33" />
9-->src/main/AndroidManifest.xml
10
11    <uses-permission android:name="android.permission.INTERNET" />
11-->src/main/AndroidManifest.xml:3:5-67
11-->src/main/AndroidManifest.xml:3:22-64
12    <uses-permission android:name="android.permission.ACCESS_NETWORK_STATE" />
12-->[com.google.android.exoplayer:exoplayer-core:2.13.3] AndroidManifest.xml:24:5-79
12-->[com.google.android.exoplayer:exoplayer-core:2.13.3] AndroidManifest.xml:24:22-76
13
14    <application
14-->src/main/AndroidManifest.xml:5:5-24:19
15        android:name="com.easyway.MainApplication"
15-->src/main/AndroidManifest.xml:6:7-38
16        android:allowBackup="false"
16-->src/main/AndroidManifest.xml:10:7-34
17        android:appComponentFactory="androidx.core.app.CoreComponentFactory"
17-->[androidx.core:core:1.7.0] AndroidManifest.xml:24:18-86
18        android:icon="@mipmap/ic_launcher"
18-->src/main/AndroidManifest.xml:8:7-41
19        android:label="@string/app_name"
19-->src/main/AndroidManifest.xml:7:7-39
20        android:roundIcon="@mipmap/ic_launcher_round"
20-->src/main/AndroidManifest.xml:9:7-52
21        android:theme="@style/AppTheme" >
21-->src/main/AndroidManifest.xml:11:7-38
22        <activity
22-->src/main/AndroidManifest.xml:12:7-23:18
23            android:name="com.easyway.MainActivity"
23-->src/main/AndroidManifest.xml:13:9-37
24            android:configChanges="keyboard|keyboardHidden|orientation|screenLayout|screenSize|smallestScreenSize|uiMode"
24-->src/main/AndroidManifest.xml:15:9-118
25            android:exported="true"
25-->src/main/AndroidManifest.xml:18:9-32
26            android:label="@string/app_name"
26-->src/main/AndroidManifest.xml:14:9-41
27            android:launchMode="singleTask"
27-->src/main/AndroidManifest.xml:16:9-40
28            android:windowSoftInputMode="adjustResize" >
28-->src/main/AndroidManifest.xml:17:9-51
29            <intent-filter>
29-->src/main/AndroidManifest.xml:19:9-22:25
30                <action android:name="android.intent.action.MAIN" />
30-->src/main/AndroidManifest.xml:20:13-65
30-->src/main/AndroidManifest.xml:20:21-62
31
32                <category android:name="android.intent.category.LAUNCHER" />
32-->src/main/AndroidManifest.xml:21:13-73
32-->src/main/AndroidManifest.xml:21:23-70
33            </intent-filter>
34        </activity>
35
36        <provider
36-->[:react-native-image-picker] AndroidManifest.xml:8:9-16:20
37            android:name="com.imagepicker.ImagePickerProvider"
37-->[:react-native-image-picker] AndroidManifest.xml:9:13-63
38            android:authorities="com.easyway.imagepickerprovider"
38-->[:react-native-image-picker] AndroidManifest.xml:10:13-71
39            android:exported="false"
39-->[:react-native-image-picker] AndroidManifest.xml:11:13-37
40            android:grantUriPermissions="true" >
40-->[:react-native-image-picker] AndroidManifest.xml:12:13-47
41            <meta-data
41-->[:react-native-image-picker] AndroidManifest.xml:13:13-15:70
42                android:name="android.support.FILE_PROVIDER_PATHS"
42-->[:react-native-image-picker] AndroidManifest.xml:14:17-67
43                android:resource="@xml/imagepicker_provider_paths" />
43-->[:react-native-image-picker] AndroidManifest.xml:15:17-67
44        </provider>
45        <provider
45-->[:react-native-webview] AndroidManifest.xml:8:9-16:20
46            android:name="com.reactnativecommunity.webview.RNCWebViewFileProvider"
46-->[:react-native-webview] AndroidManifest.xml:9:13-83
47            android:authorities="com.easyway.fileprovider"
47-->[:react-native-webview] AndroidManifest.xml:10:13-64
48            android:exported="false"
48-->[:react-native-webview] AndroidManifest.xml:11:13-37
49            android:grantUriPermissions="true" >
49-->[:react-native-webview] AndroidManifest.xml:12:13-47
50            <meta-data
50-->[:react-native-image-picker] AndroidManifest.xml:13:13-15:70
51                android:name="android.support.FILE_PROVIDER_PATHS"
51-->[:react-native-image-picker] AndroidManifest.xml:14:17-67
52                android:resource="@xml/file_provider_paths" />
52-->[:react-native-image-picker] AndroidManifest.xml:15:17-67
53        </provider>
54        <provider
54-->[androidx.emoji2:emoji2:1.0.0] AndroidManifest.xml:26:9-34:20
55            android:name="androidx.startup.InitializationProvider"
55-->[androidx.emoji2:emoji2:1.0.0] AndroidManifest.xml:27:13-67
56            android:authorities="com.easyway.androidx-startup"
56-->[androidx.emoji2:emoji2:1.0.0] AndroidManifest.xml:28:13-68
57            android:exported="false" >
57-->[androidx.emoji2:emoji2:1.0.0] AndroidManifest.xml:29:13-37
58            <meta-data
58-->[androidx.emoji2:emoji2:1.0.0] AndroidManifest.xml:31:13-33:52
59                android:name="androidx.emoji2.text.EmojiCompatInitializer"
59-->[androidx.emoji2:emoji2:1.0.0] AndroidManifest.xml:32:17-75
60                android:value="androidx.startup" />
60-->[androidx.emoji2:emoji2:1.0.0] AndroidManifest.xml:33:17-49
61            <meta-data
61-->[androidx.lifecycle:lifecycle-process:2.4.0] AndroidManifest.xml:31:13-33:52
62                android:name="androidx.lifecycle.ProcessLifecycleInitializer"
62-->[androidx.lifecycle:lifecycle-process:2.4.0] AndroidManifest.xml:32:17-78
63                android:value="androidx.startup" />
63-->[androidx.lifecycle:lifecycle-process:2.4.0] AndroidManifest.xml:33:17-49
64        </provider>
65
66        <meta-data
66-->[com.facebook.soloader:soloader:0.10.5] AndroidManifest.xml:12:9-14:37
67            android:name="com.facebook.soloader.enabled"
67-->[com.facebook.soloader:soloader:0.10.5] AndroidManifest.xml:13:13-57
68            android:value="false" />
68-->[com.facebook.soloader:soloader:0.10.5] AndroidManifest.xml:14:13-34
69    </application>
70
71</manifest>